\BOOKMARK [1][-]{section.1}{Purpose of the Scrum@Scale Guide}{}% 1
\BOOKMARK [2][-]{subsection.1.1}{Why Scrum@Scale?}{section.1}% 2
\BOOKMARK [2][-]{subsection.1.2}{Definition of Scrum@Scale}{section.1}% 3
\BOOKMARK [2][-]{subsection.1.3}{The Components of the Scrum@Scale\222 Framework}{section.1}% 4
\BOOKMARK [2][-]{subsection.1.4}{Values-Driven Culture}{section.1}% 5
\BOOKMARK [2][-]{subsection.1.5}{Getting Started with Scrum@Scale}{section.1}% 6
\BOOKMARK [1][-]{section.2}{Scrum Master Cycle}{}% 7
\BOOKMARK [2][-]{subsection.2.1}{Team-Level Process}{section.2}% 8
\BOOKMARK [2][-]{subsection.2.2}{Coordinating the ``How'' - The Scrum of Scrums}{section.2}% 9
\BOOKMARK [2][-]{subsection.2.3}{The Scrum of Scrums Master \(SoSM\)}{section.2}% 10
\BOOKMARK [2][-]{subsection.2.4}{Scaling the SoS}{section.2}% 11
\BOOKMARK [2][-]{subsection.2.5}{The Executive Action Team}{section.2}% 12
\BOOKMARK [2][-]{subsection.2.6}{The EAT's Backlog \046 Responsibilities}{section.2}% 13
\BOOKMARK [2][-]{subsection.2.7}{Outputs/Outcomes of the Scrum Master Organization}{section.2}% 14
\BOOKMARK [1][-]{section.3}{Product Owner Cycle}{}% 15
\BOOKMARK [2][-]{subsection.3.1}{Coordinating the ``What'' - The MetaScrum}{section.3}% 16
\BOOKMARK [2][-]{subsection.3.2}{The Chief Product Owner \(CPO\)}{section.3}% 17
\BOOKMARK [2][-]{subsection.3.3}{Scaling the MetaScrum}{section.3}% 18
\BOOKMARK [2][-]{subsection.3.4}{The Executive MetaScrum \(EMS\)}{section.3}% 19
\BOOKMARK [2][-]{subsection.3.5}{Outputs/Outcomes of the Product Owner Organization}{section.3}% 20
\BOOKMARK [1][-]{section.4}{Connecting the PO/SM Cycles}{}% 21
\BOOKMARK [2][-]{subsection.4.1}{Understanding Feedback}{section.4}% 22
\BOOKMARK [2][-]{subsection.4.2}{Metrics \046 Transparency}{section.4}% 23
\BOOKMARK [2][-]{subsection.4.3}{Some notes on Organizational Design}{section.4}% 24
\BOOKMARK [1][-]{section.5}{End Note}{}% 25
\BOOKMARK [1][-]{section.6}{Acknowledgements}{}% 26
